Traceback (most recent call last):
  File "/home/codespace/.cache/pypoetry/virtualenvs/nba-fairness-salary-jB764NCv-py3.10/lib/python3.10/site-packages/jupyter_cache/executors/utils.py", line 58, in single_nb_execution
    executenb(
  File "/home/codespace/.cache/pypoetry/virtualenvs/nba-fairness-salary-jB764NCv-py3.10/lib/python3.10/site-packages/nbclient/client.py", line 1314, in execute
    return NotebookClient(nb=nb, resources=resources, km=km, **kwargs).execute()
  File "/home/codespace/.cache/pypoetry/virtualenvs/nba-fairness-salary-jB764NCv-py3.10/lib/python3.10/site-packages/jupyter_core/utils/__init__.py", line 165, in wrapped
    return loop.run_until_complete(inner)
  File "/usr/local/python/3.10.13/lib/python3.10/asyncio/base_events.py", line 649, in run_until_complete
    return future.result()
  File "/home/codespace/.cache/pypoetry/virtualenvs/nba-fairness-salary-jB764NCv-py3.10/lib/python3.10/site-packages/nbclient/client.py", line 709, in async_execute
    await self.async_execute_cell(
  File "/home/codespace/.cache/pypoetry/virtualenvs/nba-fairness-salary-jB764NCv-py3.10/lib/python3.10/site-packages/nbclient/client.py", line 1062, in async_execute_cell
    await self._check_raise_for_error(cell, cell_index, exec_reply)
  File "/home/codespace/.cache/pypoetry/virtualenvs/nba-fairness-salary-jB764NCv-py3.10/lib/python3.10/site-packages/nbclient/client.py", line 918, in _check_raise_for_error
    raise CellExecutionError.from_cell_and_msg(cell, exec_reply_content)
nbclient.exceptions.CellExecutionError: An error occurred while executing the following cell:
------------------
df = pd.read_csv('stats_salary_NBA_2223.csv')
df = df.dropna()
# remove columns that have a '.' or an 'X' in the column name (so, percentages)
df = df.loc[:,~df.columns.str.contains('\.')]
df = df.loc[:,~df.columns.str.contains('X')]
# reset the index (it will be useful later, trust me)
df = df.reset_index(drop=True)
df.head(5)
------------------


[0;31m---------------------------------------------------------------------------[0m
[0;31mNameError[0m                                 Traceback (most recent call last)
Cell [0;32mIn[1], line 1[0m
[0;32m----> 1[0m df [38;5;241m=[39m [43mpd[49m[38;5;241m.[39mread_csv([38;5;124m'[39m[38;5;124mstats_salary_NBA_2223.csv[39m[38;5;124m'[39m)
[1;32m      2[0m df [38;5;241m=[39m df[38;5;241m.[39mdropna()
[1;32m      3[0m [38;5;66;03m# remove columns that have a '.' or an 'X' in the column name (so, percentages)[39;00m

[0;31mNameError[0m: name 'pd' is not defined

